<?xml version="1.0" encoding="UTF-8"?>
<!-- Generated by org.testng.reporters.JUnitXMLReporter -->
<testsuite ignored="0" hostname="DESKTOP-IP7TE20" failures="2" tests="5" name="Test" time="276.624" errors="0" timestamp="2024-11-14T20:21:51 IST">
  <testcase classname="testCases.TC_003_Verify_Compund_Interest_CalculatorDDT" name="Verify_Compund_Interest_Calculator" time="51.142"/>
  <testcase classname="testCases.TC_003_Verify_Compund_Interest_CalculatorDDT" name="Verify_Compund_Interest_Calculator" time="47.793"/>
  <testcase classname="testCases.TC_003_Verify_Compund_Interest_CalculatorDDT" name="Verify_Compund_Interest_Calculator" time="47.487"/>
  <testcase classname="testCases.TC_003_Verify_Compund_Interest_CalculatorDDT" name="Verify_Compund_Interest_Calculator" time="50.682">
    <failure type="java.lang.AssertionError" message="Test is Failed expected [true] but found [false]">
      <![CDATA[java.lang.AssertionError: Test is Failed expected [true] but found [false]
at testCases.TC_003_Verify_Compund_Interest_CalculatorDDT.Verify_Compund_Interest_Calculator(TC_003_Verify_Compund_Interest_CalculatorDDT.java:74)
at java.base/java.util.ArrayList.forEach(ArrayList.java:1596)
... Removed 28 stack frames]]>
    </failure>
  </testcase> <!-- Verify_Compund_Interest_Calculator -->
  <testcase classname="testCases.TC_003_Verify_Compund_Interest_CalculatorDDT" name="Verify_Compund_Interest_Calculator" time="50.569">
    <failure type="java.lang.AssertionError" message="Test is Failed expected [true] but found [false]">
      <![CDATA[java.lang.AssertionError: Test is Failed expected [true] but found [false]
at testCases.TC_003_Verify_Compund_Interest_CalculatorDDT.Verify_Compund_Interest_Calculator(TC_003_Verify_Compund_Interest_CalculatorDDT.java:74)
at java.base/java.util.ArrayList.forEach(ArrayList.java:1596)
... Removed 28 stack frames]]>
    </failure>
  </testcase> <!-- Verify_Compund_Interest_Calculator -->
</testsuite> <!-- Test -->
